8512140
62763125
62763125
133023809
133023809
189518825
261742390
263241897
265746945
295453234
297353181
301727411
392966750
503069040
584580864
645577379
699483498
710773433
864596289
972692022
1155270923
1238899670
1399850312
1642535983
1827981065
1937506429
2158040915
2199552093
2309828212
2407918442
2437529666
2712003926
2714277998
2857481574
2960537659
3160888941
3438189661
3515316007
3859955322
4203560327
4247376820
4346376447
4597509588
4894539867
5238624209
5325686986
5639928672
5820280736
5868292103
5884661863
6256263569
6310639879
6739805305
6927250816
7419370808
7468850087
7533430240
8038697567
8495225428
8552881570
8691415662
9220448245
9328603717
9582655779
10056784068
10540416755
10666611644
11071057052
11273424710
11810685568
11822910208
12004805085
12461521994
12753922273
13178867534
13536290418
13982614277
14389706030
14791087571
15061641727
15506476757
15685667184
15975330317
16718328782
17134854233
17742734988
18038989856
18203211684
18583202697
18956661165
19045801732
19445768944
20178325436
20691671507
21380864589
22048938280
22214337193
23019172709
23536125623
24128591819
24733587563
25364676276
25879339307
26814301026
27481170385
27815795379
28385559397
29188928492
29570221324
30286798485
31288501919
31576608913
31622221552
32027664040
32119557645
32714057521
33522127956
34675116498
35245110987
35454551869
35985727415
36002408441
36637907109
37247523236
38036083910
38615637852
38744838457
39539911101
40450713008
41613805038
42666142185
43651641629
44792807526
45221482495
46437628315
46883290575
47338438647
47606004984
48005125203
49338926259
50254577444
50445305959
51551881606
52966695975
54310393959
55394363823
56185460024
56255367129
57403556816
57959618974
58216167523
58880369283
59991281575
60537154373
61889970639
62940890328
63142242240
64320167421
64321091326
64981226804
65072047386
66017318261
67574604599
68545068193
69899682524
71134284026
71534380841
72163302225
72554686850
73897023572
74924736380
75068841638
75169539848
76503732281
76610858384
78080432736
79239483103
80642210379
81727483338
82692678884
84262408785
85704029829
86531406695
87635411165
88750127355
89454214202
90440689621
91256931660
92308400813
93842318514
95269345547
96501751485
97712297790
98254256292
100048419860
101095337094
101348835978
102739067672
103183062432
103670645717
104061488430
104605501595
105025347036
105066005530
106537746869
106957491443
107579744811
109336248679
111186151262
112146395017
113081471091
114824972757
116047889520
118163637323
118823751838
119580423039
120981140135
122985380748
124770159980
124773392615
124907032921
124938591981
127091110059
127975025099
129842159845
131035455084
133054305583
134988412935
137059173396
137803961350
137812561471
138574227552
139223336539
141044891269
141199514661
142394648937
144506244156
146197221425
147570713953
147624295776
147764302667
147986964670
150034017652
150658823449
151313405346
152979695776
154859504905
156685725849
157660596864
159339833622
161144660937
161568051612
162615865679
164598384700
166290036149
166678513369
168218461648
169097605089
171678493633
173725506440
173989546146
175911182407
177955800101
178422488342
180653362717
182776991110
185432746653
186266798514
187581032321
189564432698
189739450885
190801919469
191325950238
193499817962
194022236552
195256687277
197025976736
197289020414
199693684911
200724703697
202183916746
203662479931
203776655657
203898739770
205088159625
207066623203
208636956055
209016790653
210447449336
211036640221
211485234063
211973525147
211977563920
212715521787
214426003526
214929521362
215474159542
215973365363
218637080821
219934618486
221624888914
223979791103
224305883159
226260461365
226351134337
226991994527
227857252851
230228019314
231050281395
232364679436
233775036176
236551348735
239588608919
239858926875
242181987917
242697828569
243626605218
246518254530
248342844112
248433220154
248917449230
252042248079
254693313282
257123973407
259721752557
261873937368
263307373373
265038373953
266862393331
267305996565
269777875463
272392624875
272414311985
274319251695
275578087657
276550833410
278176928843
281485620278
284846809661
287184140173
288419833264
289691510763
291087537982
292192829298
293242236142
295176139802
298505008904
301865164212
305243671553
308644883798
310530104931
313497761634
315750751861
318124137387
320311285525
321144843529
321910063956
322061442802
322654815542
324685806126
325122626365
326835246450
329051331840
331424894115
332537045359
333027782105
333050619356
335741651808
338165541684
340350996929
341203320374
342958031508
344899780248
347792097435
350452395212
351015010818
354409653745
357679535695
358098375378
358472616944
360653466202
361264889574
363029300255
366795970740
369096313923
370702630146
373327221415
375958786944
379376932925
380753664474
382528112011
384619659418
387154105718
390290847360
393748308058
395509219698
396923849042
399597053529
401728062355
402631204851
403237054711
403804137911
407286609320
409810576055
410393889326
413500926952
417499356705
420445970041
422643830464
426460732267
427015770077
431153608791
431814048023
432448536388
435694498428
438539335676
441494739079
445159382539
445771305988
446467852180
447329001534
450442894850
451074213571
452948628596
454675293008
455505900335
459775938816
463218311870
467450547594
471094957098
473016112738
476901834174
479802253083
482186635687
483772687496
486599948651
490366164961
493181583967
494495194167
498610870921
502079147693
503325070047
504333440369
505344658625
506669856016
508163792282
508428412418
512134144206
514258706182
518625661519
521480457119
521859525052
526005817063
526270284147
528293253013
531919104947
536232954038
537245856917
540509286710
543417588858
544307531498
547542431421
550668746921
554409015949
554869999018
559431300021
562519502667
565642290849
568514828916
571570961348
576344110579
580382679588
580465021182
585285475271
589060665208
589373365058
591021468193
591459807491
594288809864
596906161832
600147275895
602219850377
605548028782
608618279571
611478291626
613140083287
617953961399
621773868949
623525590581
627542735955
628377681203
633323252621
634981749016
639619754339
641692208009
642604212641
647242720484
649546135579
649785590251
654400551097
655924053475
659907468381
660499216053
663014729461
665726123186
670591836141
675467947130
677822854792
682899653805
686491903182
689316455395
693644917043
694454467071
696811835236
698783355948
702414283106
705696355983
710054023362
714112748406
719239403177
723880327203
728147157577
733353745639
738165444942
740226758372
744235768614
748506673323
753332292164
753375878470
753594619526
756588018263
758382079618
758780077598
758789867465
762256025122
762262877687
763985996135
768060918344
772924286338
777426389523
782465987117
787647699451
789761696706
791154416713
792969408083
798313990010
800267537974
803704180335
807785823163
808584746393
813282917375
815512792279
817689071759
823115881957
827334606226
828092166561
832399508202
833653362780
835903628353
836396216786
840593248793
841406849594
844295063433
845221518974
847445960178
850997071632
853305434263
858377585441
858888250757
859257755396
860698171058
866543527576
870609565434
871806678915
876598004488
881660061741
885474436672
886080802032
892000988808
894078005854
898984282741
899409157003
899745198038
905671201999
909641723608
909714537981
911382972412
915227690605
916455709648
919190334632
924754494617
925093047227
930848768621
932784358394
935735790625
939618890944
941441806781
943884301435
946942503496
950985525166
951496185516
957026648169
960030453065
963893644173
967039548411
968407845039
969373161946
970458904414
974382461766
978862734172
980417722369
986650927283
990402912896
994797633287
1000492395501
1002945328888
1003407006565
1003713735518
1007174882927
1013207779990
1016839550346
1018116762676
1018942158619
1021423446801
1025000948485
1031079502857
1033717916972
1035197143966
1039978090563
1041103932470
1043910995281
1047038190163
1052153882885
1057316268961
1060665055544
1061530540343
1065372935811
1068626293022
1071519103080
1074781994484
1077934051593
1080972898662
1087346325065
1088923507344
1092895279271
1098556952205
1103715031306
1103812075505
1103917583106
1104052621317
1110216089201
1114387787738
1116255723559
1116781351271
1116958562065
1120932329507
1124340166318
1125509528160
1130683719211
1132503301937
1133704388458
1136599340554
1142610804544
1145035277489
1149144411216
1153560788470
1154877585784
1161164800399
1162017037434
1166746515470
1170018084189
1176543220482
1180532394342
1183398383832
1190268940576
1193924418054
1199382336558
1203036689874
1206302967357
1213187303647
1218760151366
1218816183757
1221102299365
1227408790975
1228482710850
1234982865837
1239265684516
1243170136219
1243273333283
1249334237376
1249354342217
1255868592055
1259620940420
1261467738123
1262671481059
1264196574025
1265152793524
1272193340752
1278319805700
1279224495998
1280060811753
1284007615635
1288359960995
1290274475225
1290606206986
1293185041411
1296228127638
1296862040900
1302964661508
1307080667130
1308926813718
1309944686013
1311441251501
1314763472707
1317589124231
1324734722697
1325074575117
1327479042418
1328443108931
1328507440101
1334175771125
1341121554620
1347166299109
1347236962122
1347494142392
1350292408354
1352484738088
1355508005157
1360335691111
1364960711724
1365474670258
1368187852085
1369276929404
1373502340729
1375366322640
1376945716757
1380747887061
1381234534256
1384907436564
1386891812864
1387180602032
1391769667116
1395046695435
1400526458192
1405541121857
1410226832623
1411390276258
1418478534403
1420849622717
1427680863820
1432035892630
1438443311215
1441685686838
1446527375325
1450827752394
1455449472174
1462977050748
1467024742495
1472732204524
1473360374647
1475828186797
1482645729409
1487273532649
1494541051238
1501487194195
1508226126844
1511914829455
1511949466941
1518639513340
1519160809322
1520065953044
1523338823605
1525229530042
1525770517550
1528671862820
1535995102237
1542818339751
1546794845321
1551722927975
1556792318174
1564350467959
1572138978583
1573265753830
1573568534802
1579736916574
1580664960717
1586248252195
1591425510677
1591433872192
1592799527344
1595087384705
1600647753547
1606105116736
1606715391578
1608626941523
1615083365535
1622798923789
1630569516456
1632482925091
1634531047684
1638616410142
1645107369989
1649502227088
1655720387293
1656951741113
1660969266958
1665846780714
1670726965649
1675070840119
1675662894212
1683631392173
1691608904568
1692482691503
1694184817475
1694632129661
1699370274050
1705956857997
1709928448611
1716536453235
1717579382794
1720210082603
1723863773356
1727643513974
1730348919717
1737551896023
1745012795287
1747165446316
1752174750807
1753178631192
1759007519842
1764048132329
1769699064860
1773911915581
1780986158478
1784598033718
1785536669435
1791643372413
1797861803841
1803385489101
1811727432279
1813708784276
1817413262129
1822663414262
1824885356087
1833341149333
1839131930665
1847655582871
1851630892592
1854245035966
1854772673426
1855088187598
1862936714857
1864862891257
1870493724483
1872698058927
1881097013731
1885230740847
1887901378991
1891548366553
1898681310159
1902681691495
1905496746054
1912242521586
1918930670211
1921573863545
1922833322195
1924803539092
1924898322587
1927110216591
1934556356425
1943060646683
1943686362046
1945540082266
1950903440820
1957787425111
1961719601162
1965234599691
1966841304858
1969747251338
1970444116643
1970500030287
1977578596455
1986135629178
1993892463039
1999816955191
2006542428282
2006947291950
2007049748492
2010356057858
2016233509414
2024839830167
2029794560647
2030869312791
2038831762139
2042377620577
2051278648493
2057685060729
2065761630873
2074437751633
2076233408356
2080585479867
2089022128132
2097012009928
2104032066055
2105632590868
2110699808366
2111825288733
2120223884592
2123788587512
2127863938356
2129620367797
2131822381077
2140150586336
2144407691540
2147178113352
2147353347395
2149753868751
2153076354212
2153358223212
2154188383166
2155996622950
2163756127485
2163928789731
2171229432182
2179178799478
2179387490235
2187931608869
2197207519135
2200328744925
2205168389968
2207336663633
2216196598036
2225409457363
2233116304340
2233663088107
2235918179251
2239479693036
2247883283363
2256458776830
2258347042040
2264818588849
2267178454413
2273232200945
2278665405831
2285403921831
2285464941688
2288426434952
2296528578929
2299745824775
2304488829126
2310340192576
2317463104593
2323285452822
2328159657213
2331096366969
2335199523835
2338512528375
2339060768054
2348270930274
2355015419012
2359088069213
2360970248068
2366704029003
2370278202363
2371464008164
2373311509800
2374942394452
2379444995754
2383426827988
2389724091450
2393700812343
2394708401248
2401807921154
2410762225936
2415422871231
2422509390059
2427986323420
2428645297658
2434400183876
2435660925555
2443117268753
2448332487898
2448785503995
2458212038234
2461163341639
2467110966272
2476030441067
2482193420852
2488637520019
2489182407417
2494175666244
2500026910072
2505636413339
2513714256673
2518373966771
2528412320505
2534736189237
2544353477135
2545977269152
3240987775492
3394939106584
3204027151343
2930407002109
3252491884535
3228819577953
3975631127254
3439739071480
4192234558831
3382740546041
4036313090847
3695370363618
2941719402009
3180460368715
3607424573149
3533226968831
2991942563003
2727241997217
3246466428001
2779997256414
3157378393914
2969948105925
2860836094207
3451392698105
3489263571052
3279824303790
3137779468759
2905550874852
3316195285046
3715283696789
3710752317166
4095821467740
2959675870732
3201587184129
3015128625146
4459024345504
3303915912119
3266201302853
3124588279959
2987476334285
3660100660440
2948352801291
2659918998251
3856579219381
2863977966635
4308783256784
3200774216954
3320240221684
3359680255977
3187214394425
3101293020072
3906992285854
3392210417929
3606368022388
3910018199247
3342133652903
3558047660791
3888486872508
3537819824486
4646401536733
3033272915220
3784324189426
3555789152305
2914835496815
3358757954629
2734132517729
3531160683168
3534194068172
3143455901334
2700552519767
2888404328276
3608512512851
2926492384810
3375524030153
3115014589298
3477712044693
2893459262916
2911909260269
3367032596452
3194652825430
3498651493725
3779550531840
3726597312394
3447601311009
3298149576192
2969207580715
3871386883168
3118802232979
2906377852650
3009122652023
3202724272728
3370684155040
3431835593287
3218350698977
3986097252697
3703154993412
3623610410740
2821888317423
3476491621104
2867792583235
3451565784792
3638006192757
3609633154516
2715341738074
3133650574504
3207751674331
3462531430177
3596243585339
3113148660550
2835081832612
2748354406145
4365385164361
3636813186564
3782473861160
3386985045548
3718692285624
3406855932566
3390592575913
3450180687006
3819962926004
3490737952202
3911495765754
3130253409776
4873034087197
3313575513322
3601482568545
2764192613937
3541932981034
3417351751102
4328429625870
2901508303538
4127173402566
3482603842949
2934766926446
3890534127852
2773113311444
4809455388755
3538151286898
3373942649781
3744146965219
3702711880836
3746346582593
3138892870944
3685335947799
2804511248965
3906339885218
3884797313341
3868809791205
3164636241311
2888274543560
3586322730682
2620799089450
3321383014623
3086326008544
3579908052250
2810633731760
4346204017270
4275663249207
3793718440793
3443615410483
3626475976337
3217085839085
3696975888515
4117940598705
3706300212624
4071149758055
3826676083365
2945709065048
4854272220435
2944631814462
4082230982574
3347572473962
3365114059366
4163895033772
3581466768367
4090363503601
3593580765038
3009881524421
3087982779269
3389682893263
3122998075641
2575194524045
3828572675735
3729410345666
3418864905337
3180126942597
2793382287829
3381919015399
2751563268681
2726977240015
3237219263147
3512780379810
3092281081258
2872850948903
2782768046382
3512605209754
3692705280464
3609204346097
3610163808088
3185399773802
2615745383402
3269778711455
3708904922461
3576899419391
3619565768805
4527833578889
3051098371590
4254283609369
3550308995833
3285481540873
3562381250909
2766277214347
3541471833925
3693159401694
2897040271696
3143655930447
3514082753592
3781828204053
3531044119828
4033796744399
3490733457801
3591767817923
3756792299158
2814930650725
3601505026855
3566081000432
3116138607566
3652193799182
3074364608302
2797429831639
4069357473988
3460221440740
3255388017716
3181136455786
3346481954930
2655349890589
3079064943969
3684130214819
3167618016355
3942097298752
3540079634659
4689714692670
2752642475291
2769234783127
4151528453906
3993831020041
1084946016980
3700566743461
4425736471915
3501032103398
3533986299819
3641191728412
3327514284593
4381330835916
3290266482321
3742188503191
2748810961025
3752444924669
3622131919267
3494187317452
3392643052191
3817514608824
3816671796051
3931032706054
2780387145239
3097264805249
3123550194114
3211181781886
2802883330418
3244494404045
2816539415700
3855070224934
2761785236490
2713097314956
4781606256432
3718762967786
2767428145177
3520312120566
3440626168111
3530792343538
3157715311492
3960260679884
3244481077631
2970919971510
3584190103380
2799765561147
3782407740039
3666034178940
3009953732042
2611355307468
3103229693852
3113186238922
3390940766823
3497822911224
3345003245117
3471725253554
3770482590024
3519264919781
4349375659627
3543690773682
3599158949630
3054338662123
3553123626050
2197763831292
3204823712070
4267342361808
5174568777084
3313656236044
3189395607396
3418834714353
3110787038612
3191414453444
3214220129971
2952892960833
3268090790738
3286532450799
3134835271771
3873706660746
3875888322380
3108687129615
3775379429792
3457079623261
3201994126067
3704919124534
3584341985093
2606917137267
2935205950901
3226637295913
3081573265902
3618190088947
3222268903566
4648433220316
3607945493497
2916651792811
2894637036197
3422466127523
4104650411981
3488196663203
5970487212542
3508391322444
3804769952624
4129188706974
3205048267988
3468409845851
3924668792304
3405980813824
3057626101167
3577721994481
3263606026605
4166081485510
3025470047235
3432607800379
4202295979059
2778684752217
3410723284450
3362708152083
4266975221944
3094275899305
4566092870042
2757914620341
3665963926987
3350879933271
3588395924570
3461489685179
3166851836378
3289506293233
3630130251311
4880985712828
2836060342373
3510963210222
3197059339849
3794509412281
3604198253280
3287684928529
4292896002822
2698958405047
3657964733352
3831516842782
3817410487963
3062094918467
2969293187678
3397173151764
3376998664731
3325693946046
3677484658124
3638933874000
2797081653754
3485007017892
3299416745515
3624561631032
2949308669388
4744155981465
3174773218961
3919974700776
3179706979497
2973052417449
4119401955469
3638481809403
4421782994992
3392484184106
3356518120410
2697941719516
3649804343129
2788493725551
3107080103770
4480907324918
4031599191374
3507062672363
3265022136444
2751093063801
3912233789735
3827588898573
4033678266648
2977555930911
3302251677868
4934164051526
3727068654859
4873088034277
2976181536193
2768672822106
3804540824928
3241134966747
2739813314980
4291141819351
3049288585872
3599786437988
4356823934406
2855453560247
3001564013890
3421429363153
3182490829501
4024896688884
3299599876869
2911948359390
4548278939267
3718211630786
3559681218104
3955752983388
2947029693871
2089773484635
2924166079471
3771607661339
3250018016051
3807221887767
3168886671679
1266059813564
3641833397157
2843161035071
3433035215800
3791819240328
3809343752535
3223846713325
4381989717335
3468473476876
3019282495850
3434431239624
3535416054775
3712547638087
3709890583413
3343587641546
2593571890444
1770363590142
3422219285980
4345792964394
4734913666364
3827409015945
4039287774095
3561884783125
4081626018012
3817313039047
3599660304442
3167872683804
3487687900972
4322579707474
3493818389339
3934945239933
3262382742713
3767395252874
3139714028228
3490025502127
3662397395494
3535116504000
3447473007155
3316125386555
2997755119674
3500153480708
3191396530853
3877103176890
3621883799336
3592406362611
3586667992613
3515797836292
3574070315388
3489660171521
3979393460935
3733143313574
2996720339436
2908289156885
4074229182955
3971180573449
2651844162501
3472513872229
1406990879226
2013944743370
922553426780
1029880720019
591117886315
2017536127154
3325703350116
4277690170621
4268784406281
2308757752143
4662163057096
1321918532333
1698822568101
554686027076
3004873866732
1742175427128
3937980184083
640329457926
1843456275634
1608894030011
3212116118538
3614215513107
3841315939676
788883524572
82557266016
1715318441266
2108904677309
1663610174894
1194633948226
4280838474984
1320492372162
1421749689291
554347190515
926970370661
2890035170734
2639783390405
1486766705487
3545141899585
3586957117871
2097766189131
3839122898757
1675624552010
901737147103
1606013001608
5564290442676
2332739254175
4210723244124
1486218914442
2140913756749
708925217557
3500308508711
3896253228460
759045484509
4424749259699
3070451760775
4635687837045
2972639621342
3208839897474
3774036954998
2756451875052
4067319058445
3090662891893
467713232867
2283460893293
3425218568562
2084238184916
563902600967
1096169263563
466479740124
4422880299050
2921856547780
566133356023
1635826789797
1905269775203
3010306976895
535419268376
1382128025698
4944660096308
468563492676
914829288748
3328874885522
1261638458698
3625592952553
4606189776925
876348739681
3215225951156
1755857884781
2124272416022
705744321645
1479188808070
1006105423240
786543694168
3386470994765
4312281498237
1581420250080
817061108540
785243191182
429259998469
926077383206
1044048176524
1618912878330
1604530438863
2661560340041
4426742770253
1544291086249
158149051703
1381119000026
3225843053869
2049545927975
3355804289110
3605214540699
2917644926675
2292020939063
683264922136
2629715340675
3761063964461
2591652370283
3577358297379
1095098438194
3621109172341
2328005204646
3213397174674
1345797970342
942707313424
712176678514
2356309446548
1074761280470
650506576649
909085269637
2790875902144
683544292595
4225369141489
3738948595550
3132051327647
2145628404748
2094546318138
1292707003353
4204876565526
814441092349
308882322290
1413863715153
2909072664802
589517313565
3065929194412
1176845245575
1589860894508
1712490875235
1541919084168
2021885731532
1093527593225
3036530489162
1266100542372
2644906549392
1827504588151
1020660498713
209711097515
915923455694
832866389304
2564982887411
453883353792
3562802264783
3041664602723
4000513545380
2997592845165
3100355357028
2155596621871
426087580074
3479892981574
1901716421584
1438933691591
870988099868
4559710785265
4054061106814
1053826279256
3981935725333
2832746654095
440429017103
3206827066329
719335237384
3100155803748
3810556261684
1075530349676
4096559244382
1262846466914
3712607717501
3858175545592
4193733425687
1778515106045
869580386799
2716711502274
1460125431680
1075621817661
3735172809533
1936502506327
935696045506
1175506005626
3334129671377
3333606386279
1216696692426
2176198047745
959497528556
908010465743
3452865109728
1221236380575
2654510078394
2839485953481
2398129953202
3502129466765
3744895566446
1527039288461
1200966431236
1343549915253
3045322107312
1763784783737
1033381951695
455436265983
4146058078457
3271387066556
2624538418659
3911603498719
4715131083166
2775160560292
1398381266365
1677667947414
3636559886894
2722306925633
2046121093066
3928074811580
3544395348391
2617736082282
2301148356046
736848102926
3624083887146
2724934932350
1939548238363
1223615575313
1133189083699
318033576433
2116021279576
571153322471
4251257435457
3216223927100
2048248238345
1293779480541
4697103368746
3469921287959
1020471750273
4391327979848
3521596754029
2063950989748
1348349916981
4885127855344
1372332492322
3044238142981
1246133091059
1277867112362
928010852079
4368607714699
2919773550857
2130147485088
4345363784983
4013840161834
825513797180
742027691257
853496859253
3949185349542
1639381491074
2377586663741
1471848160986
1829460460335
382171374557
1144165659520
329086852988
2658900156098
2073815014331
4159993248886
1287571996232
1281420823431
1839146359734
1825680071580
3505955020132
4288379176262
1101645484845
3609449153675
3257204805675
2022245818138
3146940654085
4617465489982
371347262079
952819236458
2694922275333
167774877771
3342365823502
386822997336
2685776911132
779912609959
1015808094686
3313373500322
1012063895626
356753161162
4116801339759
1297624175265
965297533118
405303964752
3072572754602
2047842534185
4993946709229
1177609920695
841798026490
1223341421979
3389230184772
3478770900242
1172471561437
2155479334827
678764163161
676066946799
5457023476539
1315364183647
3146607948623
1253386752081
3980188527754
4196384685677
477428789900
1564293483623
1256145125732
473948350155
559374493407
3189236052105
4631891068617
3699130092090
2038015522741
3577213270925
2544734704862
797299677887
3193333290409
3765115488003
497697590239
881611239904
4095708491106
1464495116750
2582241884226
1832783205110
813317050180
2415131730282
3398578676043
4196285042935
1012507652561
4336585891400
1681167205794
3982583088983
333816046831
3719654632775
1659214319687
1112828978153
3445544408515
3224096919671
2484578699769
839374418901
3338684155356
4341873681219
1924176724460
2653704607045
3754156554619
1339693197141
713748271562
1062954186841
1001969823843
1453363085895
698495625497
1338330698847
839906639898
2419399977103
2362360259635
3569054811246
2992242042048
1452414588765
1353239145064
1372252677242
349366387633
986900255223
1057891193135
2695387028384
3251630069053
1794365761011
2446415122421
1354287525117
1044363226972
3476308095398
2310200940412
1359770494677
2752753262794
3319730639950
3748061088550
3037511251509
1255817542810
3215340547751
2236537619467
2587686604217
3071520522864
2805444923309
3846661049018
1365723153922
2390602933890
2957887794207
1815248313522
3242395640582
3586729852932
1198505087761
3303958330416
2250439935319
587894017425
3006253966248
961642792109
393041690716
3590185080210
1076488837498
3839167918568
2738563913682
262349772568
3445325942255
1100754469977
2016796599737
2759621729837
1061607315209
3855611427656
2031389821107
2527983517014
6421819519312
768529716006
1260136417066
1804440662557
1508490471103
2991958739482
3695977475010
692391312088
888177422707
2899301993062
4200318153204
3565822450214
353041036750
509896470292
1612139688359
1930711215460
4662901271314
1922909379713
2355321628994
776969638924
1878470370638
2665024404637
4715298381226
4347843386976
2712586971995
4018175584826
2952619800593
402806202857
917565677775
3875149858896
3739562563343
1180801334131
2981162559854
619151106524
1783741966323
1447722503278
2560725793000
3597677897823
894768977699
1046304346293
3047661327562
670246357251
1581977051944
590146590407
2720900678944
1459397381067
3589547121173
3570293298841
3269697919795
2153572887600
1264715000008
1138136372191
3686882082042
676450353464
815237216710
604644967500
4118832645969
1817248916236
1844370674212
4241294816165
1651185500681
2503026555098
1471204515257
1867449579096
2335468435902
3777591944072
4791362559195
1217816433275
1580511007241
2147440439476
5549741180935
