5206648
23232852
29082402
78276018
81892067
139231221
180853808
189989196
269164128
349203584
376499369
459350667
527252143
541762095
586547667
661519353
831039356
1006388170
1146131688
1277656761
1306508437
1498850990
1520085069
1613634398
1723642867
1912014433
1979804618
2235740266
2261356394
2367834348
2618166059
2806824764
3070590337
3427487937
3774115151
4044956011
4217654528
4356539092
4591189860
4932250676
5154274804
5223642810
5311598301
5448345855
5761213984
6157172760
6224250078
6258024074
6700356065
7001496988
7371729999
7761853949
7921778954
8078506143
8599484111
9014789471
9064011014
9230297091
9514747907
9975549939
10092962378
10377382525
10535800594
11085245960
11627734451
12266660061
12653560856
13160027357
13260751666
13431777140
13942200387
14650369422
14965037704
15426271133
15730248256
16339464110
16485165574
16670026682
17462665301
17626239285
18363218437
18679634730
19225786141
19263548351
19452688435
19720805891
19961043832
20345796529
20722278112
21389651912
22274726104
22480662495
22802420436
23013378255
23640625149
24265146945
25034278743
25111221428
25607806045
25922123830
26465517050
26995913665
27853854462
28882624329
29072527378
29511410873
29629283006
30063775893
30652729272
30966779788
31513205542
32003152649
32832691429
33722410411
34198396396
35118556911
35465954218
36375457877
37267462208
38281678954
38571556087
39376507270
39764417691
40930510270
41613847614
42680622095
43099989170
43586731460
44642611961
45454651647
46186318710
46442443577
46560442932
47856333170
49088334976
50470100944
51294824124
52714842825
52805247172
53951670702
54826242622
56129418192
56970590617
57654004353
58751939863
59994652422
61206089824
62456626606
63967644091
65520397633
66793894869
68290031792
68844923437
70436582416
70582817925
70940175600
72024637014
72079149124
72839610526
74490962386
75517410458
75851603407
76409872892
77620288331
77664123689
78599430760
80180518238
81321156910
82521837545
83804125076
84937649384
85231242042
86329846368
87016158512
87819884241
88669536253
89133411886
90120660174
90765876399
92246249290
93216425893
94912126764
95590266736
95745121256
96394286455
98098971683
98808564099
100207789830
101419111282
102166680817
104002249146
104315183924
105247433910
106306171047
106546196390
106832697549
107537742046
107953818513
108912037105
109995744359
110950733316
112777720119
113758890740
113768204291
115546042336
116311772994
116454870797
117172233611
117183413537
118773461650
120021306256
120409972641
120582833184
120816453260
121152990129
122908174052
124475223825
126649187089
127530868770
127876466045
129667333156
130223206373
131967115736
133192252785
134566261753
136081344849
136199246819
137211618106
138759501531
140657311030
141919857295
143631672632
145680378614
147708741142
148085904461
149742786223
152079178499
153319483569
155725805388
157034953375
157321573459
158571786616
159727708730
161028572380
161040643053
162311895957
163830210707
164497238925
166455078233
168040157152
170336389926
171259541888
172853285328
175032473995
176819498407
179237620230
179296904365
181196536855
182204437648
182468908796
183787932477
185595068521
185879379017
187219363384
188471143891
189525635783
191497246092
193989888758
196193586578
197704130946
199892570297
200918531072
203750921434
205033924237
206858949762
207186219785
209154404496
209498991847
211972363316
214835042055
215437378378
218095034978
219535991663
219622488496
220375441216
223164094413
223627029912
224012726393
225081925457
225809824376
225893820926
228502707086
228776282200
231416231442
234298484420
237127691901
238466676944
241308912136
243274213802
245125591444
247414033798
250489510122
252413619033
252819422428
254778149419
255700318156
255862047390
256787510308
256891020364
257068552723
259742745533
260883007869
263175826574
263618609953
265206211491
266859054279
268117405753
269036311333
269507592356
269728704789
270117695666
273297587616
273310909034
275308072927
278352542568
279774286832
281673841966
283899938299
284054653075
286183840147
286226347302
289282166841
291772586148
291912054969
292363636898
293242876592
293604232559
296870832404
297757574261
298143514943
299667424995
302278458706
303347193395
303935670444
306917561391
309273818441
310239887799
312292395072
314367435223
316384825354
317437806357
320532329534
323714694436
326707219217
328868098494
329625883983
333011044288
333969583312
335764820129
339215338423
340649128906
342313839077
343312690339
345107763857
345221450062
345512227221
348468709045
351790739533
353875933378
354519431550
358189546974
361163198041
364239595361
366280926766
369835626449
372945117134
375471578113
375758867389
377830094262
380037643457
380115122663
382274752395
383943203636
384176762103
386502884017
390383661581
392871208519
394797459432
397586495652
401235284235
401779639056
405436737331
407194615845
410011309598
410807864252
414503454100
415822395458
417015235661
418528172370
420545780926
423899957828
425556915874
428541830228
431215251713
431746465353
432653228902
435846335662
437116606625
440964162129
444853979164
446308480203
447451638529
449497932986
452806850821
454968115057
458018363940
459093779503
462387270490
466359690145
468908015552
470796078404
473495128068
477568469156
481263835214
484095902750
485697708141
488494942833
491527425427
494541720031
498019651391
500967514443
501191890820
504776154267
505513604487
509456798780
513614356553
516246649320
516889901061
519250249281
520787091542
520932086486
521275319151
523443863876
524812466831
525318474294
525331534093
527480498326
530534484369
533578524405
535719253014
538991937797
539547974461
539859574263
539913652473
541599793693
543261787171
545436528421
549832588392
553458809863
555903287778
559298244823
559407837185
560711185459
561963327424
564052871791
567508094874
568000658945
568934128246
571171507309
575489877795
576936846229
580766288243
581603102723
582419571691
585169390062
587244919168
588456953575
590469563877
593329302413
595282844819
595500210655
598177225615
600581496456
602601250233
602649924866
603778358069
608351747353
608837311353
610599464775
614297642703
614699086934
618952793677
621845325866
625698720174
630442913805
633453764743
634700923835
636492833834
639083653195
643373231229
647211235129
649183364772
650267161614
650344123906
655052298527
657049981529
660344638519
662781772320
662798012081
667466208693
668081242387
672025301381
673005165519
677304013460
680455235361
684672905959
686828286494
688702932420
689327629499
694469609302
698958458542
702602229156
703507107289
706440737261
710528448292
710631609747
714597615939
718178677549
722999617133
726698902333
727150605220
729124891148
729935796121
732409027123
737496842844
740610765762
743362748238
748110115556
749337397995
753791988049
755664209482
760271387804
763348688580
766278851227
769766064184
774003038793
779332636074
779898701803
782643270671
787741591107
790675922730
792060498573
794100198106
796429610357
798803652546
802500263544
806854188342
808811928866
809620891240
813728391401
819424860857
823096120405
823838925291
825361295981
828471784798
832449300580
832536869302
837500546555
837522714437
840498096506
841918355770
842911732789
846587131945
849629875484
851165209000
855059099670
856067359257
860068764571
860879622299
863637622472
865633812361
870144086423
875859443700
877495598842
878081577398
879565307335
884611612889
887269008976
892038166873
897316709002
897878865257
902683090740
903092574117
907260622741
910372858829
911764095550
912452790097
917361041915
919569787265
919864448889
923268917300
923460458189
927160114085
928207652716
934246195750
935462576370
938921892830
938982601410
942415983754
943530955869
943910323741
948539785606
949976537471
950355361463
953232873082
955206494334
955718385492
959560397345
961047182580
963822883978
969994132026
973072093168
973163406690
976516056803
977560873788
981382257266
981842223147
986788499694
989400926397
994061742357
1000244073050
1003453419658
1007217327126
1009835977080
1014532519253
1019443614227
1021964251193
1025119428970
1026440274513
1032294186820
1036958853606
1042906537342
1047411530860
1050176614607
1054591156317
1060408729460
1064057243185
1068501852924
1070485538607
1071543902552
1077043433791
1079995947932
1084786709559
1090947817402
1094323694710
1094369273586
1094832334387
1100157133792
1101492110987
1107572830256
1108488724689
1113790241937
1120162494550
1123713193819
1125305206243
1125938212908
1129966033304
1134569508870
1140803355140
1144050758804
1147688820859
1153208084563
1155866016683
1160075984197
1160399037476
1164146960858
1166334009246
1172258838144
1174055747811
1175973340955
1178088023619
1178781229425
1181228071641
1187635461073
1189351706752
1195962786546
1196585404484
1197962328464
1202399905383
1205989324205
1207067154809
1210354857092
1215102054923
1215532167885
1216966566986
1221276803326
1223479078376
1223911622856
1225362206771
1229162804523
1234721118600
1234989128206
1238162760127
1241354797247
1243513113396
1250570186868
1256826386624
1263344437104
1264995512354
1267653709894
1269984129983
1271224116893
1277805470425
1284042237763
1286837117190
1293091034181
1298969560714
1299631513202
1299827634789
1303953693869
1306562240190
1310220405520
1310266672892
1314615399647
1318001632143
1319750503186
1320377765220
1323573508351
1325211302955
1325677905220
1332037447079
1334982592577
1340895991383
1347798037593
1351728777726
1356788722226
1361364131641
1366179929998
1367995671268
1368003453222
1373104707207
1374900407043
1382229240275
1388916860376
1395330893583
1397429527291
1403345251563
1410809707686
1414164574860
1417589660865
1425082975674
1425278287169
1428141873937
1431844659420
1435654714412
1437612174129
1438000064336
1438760480311
1441602048756
1444377531874
1446781014908
1451580099274
1452159636898
1452616822240
1458820586501
1461656821349
1468199386068
1470896982335
1475537034751
1475995241873
1477840206845
1482538171105
1483267067209
1486776291576
1492648930084
1496887995716
1500668507855
1506005501016
1507822485876
1510510113848
1514336675841
1519488618642
1523578344353
1530218565536
1530468211198
1531414855824
1536879231230
1541578669464
1548948740774
1551986447436
1554162426731
1554631365561
1560199772205
1564091690772
1567388378063
1573057316304
1580891873306
1588801320256
1595876292456
1600112849990
1605791575528
1607030634488
1614125776873
1616342430708
1618951637542
1622135232547
1622894559362
1623435980737
1630697637624
1632633360717
1638398668290
1640019393005
1640809247362
1643161580428
1648525441031
1654947479246
1660326631077
1662202619583
1664939681326
1668976384235
1671935132538
1676398205910
1683576524526
1685190676553
1688593695965
1690022554271
1696184653945
1700626864154
1706408646119
1713290585975
1716474431432
1723320517702
1725917637239
1731282201412
1736414785501
1738780772736
1745919787483
1749976119570
1751919453777
1754399600378
1759000238974
1761608121761
1763871255549
1766448499864
1768546881036
1774054141932
1778592040650
1783657000970
1788364206625
1790841773400
1792899721092
1798544663682
1799596982626
1803314834384
1805884892453
1807618087456
1811918364144
1814772618141
1817731807365
1826220798193
1834249241801
1840438794593
1848999664601
1853544578055
1857069453270
1860711045121
1867305161542
1869625251532
1875422688451
1882047579365
1884596569293
1890225164567
1898249247627
1899362700878
1899456045264
1905598535137
1912873524698
1918860467997
1920524903025
1928258957595
1931878797160
1937665441220
1945130884836
1945891138232
1953604092085
1956834870030
1964717069731
1972704456910
1977563592313
1981450667343
1989006900066
1995025748068
2000190441500
2004135574403
2006304791822
2009543460500
2015902932882
2022997869124
2026108519664
2034503414900
2037748883010
2043879305541
2052748560809
2055694516955
2056473147021
2065149046975
2074183512564
2077782876602
2080011711537
2086850560161
2094310956562
2095670760112
2100105469344
2106623218680
2112017420096
2117678955712
2119224217277
2120789117126
2129267693146
2131775544800
2132307081796
2134651859977
2141771859132
2145410019482
2146327206667
2153946140737
2154778326485
2160601703246
2161346078690
2169480358022
2177577417497
2184296908320
2187834794361
2189146186598
2192725073138
2196254132059
2199469836892
2205765441729
2210350873662
2212934541235
2221551598156
2226465332761
2229759291431
2237556155555
2244573496225
2252922532224
2258960869285
2268257764962
2271908545003
2274685538051
2277426974991
2282249840646
2286552009898
2294163417425
2300587734742
2302586069793
2310607476096
2311417996383
2314660796445
2315512380341
2322032823976
2325371227388
2325427261808
2334819442817
2337923031091
2346690028989
2352499597321
2355404788975
2360612465653
2362480952683
2371656270499
2372548044973
2382151176447
2390108722789
2393773467205
2395272888903
2402027385081
2407078470265
2412848866495
2417038149344
2420782731303
2423807961103
2424621295773
2425941956539
2432255654954
2441406028627
2446035977615
2450631333135
2459865821275
2463409654178
2472767756188
2479983487282
2486360953276
2491695487970
2498871527373
2502428919678
2509126133464
2516551775811
2519006869428
3068413622791
4128905098700
4011207070781
4162704617977
4204041075513
5148516297442
4953186104388
3189224784650
4167698593695
4074246481449
5621957375666
5355368458235
6016992083309
5991456456023
5442743973744
5975998845573
4888752261482
5252598594401
5333905176433
4882359411536
5387799617680
5126734951607
6152988167111
6234193234745
7301724194312
7594088396758
7421593614066
8393256023239
8045123667869
8602593369463
9385524207696
7745999037085
3727231258123
4947892743001
4705721081059
4970941412047
4206005505979
4650699930403
5743330407992
4987325701211
6017129107537
4551989895617
2044028185778
2554747543060
2374266549876
3449698210204
2828698607446
3980529892070
4163490712059
4378509138877
4952453995117
5932718098511
6918630161345
7014123544613
4052008272119
3538717770271
3889681118801
4154852298791
2412949732098
3513166762853
3917006848282
2323271089090
2836276581202
3027021616775
3172934489813
3561996452185
3125268784030
4551468748336
5262224433453
4811556137597
5381177738545
6508039617350
3027749692204
3958819567369
4110710494649
5259810978315
3469247944244
3841700654734
3667620906969
3983662992622
3972813721784
4423301754008
4039046862047
3897390543042
4510611915717
4387470419145
5784363900207
4358774921486
5292141718106
5519566340838
5715702822009
5739703228592
5467975788641
3091558453351
3929176254635
5229931775617
6199000124892
6576598234190
3204726387853
4696448554803
3345676663102
3531438517827
4141916117332
4322948187117
6125315283546
5222411680921
4564558836687
5703782545171
5457354059383
6181769835241
6138970781739
6499006899296
7117760925908
7088342994018
4920277929867
5752224984772
5597843843550
6339887310838
6706096774062
6352666166221
6219729743138
7079062194579
7263621044538
7304407698793
7362970169546
7760519038752
6489881287937
6904263782991
8036923569416
7177940634412
7676205540263
8023318039397
8775886282328
8759532335625
8098685210475
8887783482369
7034581219348
7375052721851
8410692168185
9063867153043
8742991753737
8639945854588
10308605317735
9927243018231
10911918687423
9121706605484
4200240470238
4225079767033
4445657468519
4938326867071
4844599976101
5863142964183
5621747536211
5619233486173
6054766233993
7165148606527
7206822164248
7889124078212
6997125341997
7131090298744
7714761567495
7158475601116
7965592666060
7528760061554
8367192183626
8657003195310
7621436924697
8020804854119
8353924019403
8836735320595
8662050392149
9750952691653
8884913937324
9007427648702
9239705467062
9416861209598
10284277382896
10790002545744
10326672343964
10878502674036
10867703926852
9133845179639
9928157086280
10776481208995
10073859587842
10170275453508
11053563951524
6302862310930
5928515454287
6316078648503
6896073242735
6701608395641
7030623658355
7692532722852
8943213401382
9135813738794
8582916009496
9736572460145
10164752884349
10450313979765
10787168097124
8914463260125
10366390363453
7692569980780
8448451626024
8974954986126
8382259659653
9254057236162
10693686833415
9589980392789
9537277962988
9963826642485
9316446635026
10040810339400
1504033000390
2452540508751
2438171948112
2068565859310
2480425498001
2637961049987
1839692166104
2700827208276
2154056798405
2623867760174
1733533454150
3004234506525
2775034540357
2367758440833
2820716953852
3654519177189
4544361238357
3602775991909
2791140035614
3730502868072
3327801343334
3714298077827
3956658854076
4130533213248
4834832023421
4103572780707
5095171750562
3254767917455
4438331457079
3737205003020
4126581276632
5017325760394
5670646515930
5282492383508
2625635186084
3497810570113
3992333458868
4178817638285
3520926578438
3188896698613
3892714061209
4876169855749
3256722092887
3809711123362
5250461024077
4044405874529
3639605158116
5005885684988
5014780265872
5550390861578
2351537464492
2955937099523
2529791114336
2746740829040
2954467795572
3480411638968
3801595100054
3947754512532
3547079138526
3247706510738
3041296951836
4313851178288
5024974473675
4684007639567
4006034549636
4829201063752
4482524989937
5750591023721
5175993370241
6506700228721
4507435324230
5147576557753
5467309513655
6213272921499
6306023396910
6191763590977
7022679500913
4023159804800
3162890465963
3612896840633
3341283289591
3928030742705
3866965951014
5085665670083
5479049840375
4282733414779
5157741015090
4073844184143
4578908229155
5999546743084
6209060204476
3563585394312
4222898962759
5079046373920
4882138394547
5110613016685
4993404086696
5626815113007
6633574931540
4597329448929
3195169777206
4397332625371
4184081594297
4213140929623
5067651249879
5174230814267
6030125455568
6500301255913
4401018415371
5595367564536
5103199354997
6761716160516
6077732005019
7369876780709
6750767584972
5774321157269
5118861684117
6427652502131
5966048395851
5970979080337
4624848665602
5552693533552
2261374837320
3099950460736
3605018869769
3268789743767
2645467081016
3408898627766
3709282424257
3458710786654
3830082050192
5056620856004
5977033898807
6233996369525
4818589998238
5669759551099
3789978685668
5415737025771
5720157252300
5365768394680
4300896554868
5883922885332
4972224086484
5781993228728
3600120916061
2468377184103
3682598929686
3922927977848
3109762609767
2762068591016
3182106309314
3879521518708
5125063864969
5011499669751
5561004311718
6999427456297
5425343278231
6503607130032
3983826607316
2937645561869
3343188602139
4111024512251
4539157943872
4103348685757
3032758176067
2714134968442
3014788194439
3884003808764
4020156316196
4543725027835
4283503912271
3923369050617
4686339375991
3971280055885
5090048444446
3433899411675
4219765466389
5530708427185
5112454701943
5975309641748
5433023631359
6674460524038
6749943689311
3747289261801
4520216446743
4499948239112
4437338905587
5425319246235
4933016355033
5523497889276
4890831098166
5568749421990
5820906983086
6639360593319
6283456309025
6495962337061
4507566134051
6098710188487
4290364144578
4789634651672
5364882059415
4925373623524
5894321159583
6107024975034
7302296671075
6427084718693
6701259199752
7557382175312
6622401055921
6805250036054
7565496333040
6552015827413
7211666807527
7580708091035
8820655241871
8159397785736
8357079185130
9566676831913
9274092284660
9945661533890
7256594844802
8067463508457
8052038327305
8332181746703
9125006920936
9588584876145
10058044620741
10389909997359
8892837707593
9608314595739
9603211575970
9302121326411
10017878012770
10178063210398
11166933206089
10797036828399
11817965064478
11865232069718
6868588173759
7923701643993
7561342628466
7838069228135
8285868187734
8698549235563
7652638678174
7962507838457
9266517859148
8511864584680
8089141499868
8866014097704
9656855384886
10385244087501
10190907072454
8733499159097
6105023664512
7283744526128
7036088900952
7507415456048
7616016091917
8256714818016
8705856239141
8339918863576
8609018956002
8275532510162
6768678696200
8213724345051
5383009905502
6368466179581
4649170658785
5407222866851
5010152140160
5387897357831
5447577479722
6779110075105
6469141261186
6229627284872
6767623804736
5597927840600
6294466595040
6268667286777
5986571113444
6409009422628
5183087902012
6028824938146
6215536624924
6764047233024
6313974531463
7335268922503
8076254968902
8807659012057
6572954031884
7486475184209
7546275566037
7398799249355
8225957659573
5686164460257
6701043308465
6998559606588
6290562885783
7165827951337
7488146014790
7028053203895
6289852630780
6648024971289
7136401305244
7030606361034
6386571527769
5807983621318
6860955401922
7015231349988
6818145742125
7344058155054
8149332545321
8360658905846
8759129640369
10192346996273
10582111559956
11092502619082
9068840662460
7945773706126
7434425342543
8290366021929
8215909473246
8996529964432
8973515861542
8893569292342
9865235174472
9094979319367
9589384747443
9094888965706
9911316707251
8367342778533
8904585524241
9285693315490
6589078931419
6710796284224
7207549787619
7351926613957
7869865132789
7591600207463
7832904556234
8356997642339
9358611979469
9939459580452
7560696694130
7882938763350
7789940581438
8421013346783
8157104789424
8989216806964
9304371176771
7897566423697
7524656476337
8120059775510
7492389810135
8016605210945
8139198429121
8803449384090
8855218293756
9846362910178
8673365672822
9517927151762
9619340563459
10208490029933
10597937622054
3202159717590
3718720939114
4418461935293
3495912065844
4236086765792
4081801403145
3724885867832
4688254205100
4922076272317
4889041770321
5422172635664
6048851701602
7072069677614
7117859458631
7711803766749
5255632684154
4995329236230
6159155405492
6117955438192
4694203301576
5321598585359
5455945013559
5406752257141
5900081168467
5054503178361
5688020360542
6384152693221
6052643174881
6182748655191
5881354075783
5333621022673
6075504785712
6651576820175
6032874416060
7117620065150
6627837057213
7799195836512
6286325617997
6791393769753
6723061108742
7287722285874
8398667866558
7805616959186
8884351899253
3040182002126
4034421639220
5093779820466
4277231979536
5261504470530
3770196127696
2721841732611
3832162899145
3757356328128
4576368850142
5460680623018
6970711207097
4113191805697
4499616653974
5236340765803
6108775992922
5906425334377
5887020304894
3542789710173
4429939477003
3920166555536
4554951999970
4168577814018
4362970140851
4447636147171
4753610401531
5104357224817
5517648819263
6480643775837
7362895244072
5569486994881
6751199715886
6634458844322
6871000555961
5790205944471
6051884777888
6856531858258
4952617062887
5873911322329
6704990339130
8366348568977
7345186990975
7921049050476
5450141518439
6604215986645
7699565420656
6341902233527
7486233963532
6618871786315
8049344065417
8551097088919
6344831385067
6956568983736
6924663493852
6996547035342
7849767008398
7457996564229
8289706520393
8086837635657
8507045052672
9468156513183
9996638371949
8451039252614
8266113180632
8431283324173
6246024857518
7687781594443
3907548806501
3314230686537
3931393968008
4376086050849
4389348968023
5611771447709
4924818450712
5351057501161
5630075221809
4409292910293
4779490211838
5086276472547
5910846102990
4007985055852
5075549025683
6012246362021
5273751111378
3739717050860
5214474232121
5621828327228
6332233785425
5277215719798
4819127938872
4995417775239
5811190480440
6410866111598
6180615756167
6416182939131
6155410197528
6285617740823
6845066245147
7150099117657
6609965461981
5580060793445
6307627241889
5844486207819
6875377515089
7448280933329
7382794660874
7404105608647
8161259992314
8062521041307
8792215986448
9814676251263
9692029251776
9405986939830
9331430429567
10041793953155
9189793440265
10476058427833
6281614919794
7407928064302
7498856307744
7911088042619
7233394016902
8255845369708
8874611924362
8223464969603
8798819842423
8902043641787
7676668170628
8498767022305
8559391349885
8869473841095
9208359084003
7816652659185
3836773819977
4284377823147
5617128165215
5834816863967
5657110615855
4691224141170
5254065490943
5708892068383
6915498656627
6508438868405
6853038742688
6474250060780
7377783537649
7561369248338
6604010730623
7492373686062
5378453882421
6322251443220
6786946248349
6616151372459
6958316689263
5601486499266
6553251380247
6665070193034
5950273435899
6765849015653
6182600529222
7033696090224
7577007115149
5672370921806
5829478829262
6280788222510
7146438848258
7105021644322
6684529180804
7496007158802
6929486124940
8042150664024
8552257242887
8742808300850
7903494622707
7396355070930
8477004036930
7953614651374
8820762677947
8748805243057
9637505217397
7680109326089
8457755151126
7849943326512
9222944774455
8679749206824
9421976899574
10666464554839
11207476940692
9944065946281
8552942731248
9053011276910
9782767565486
9673824669298
10449251489274
10473825856851
7066884448875
7929928233060
8073087679669
8071306086255
8032269261963
8623438337472
9266213932545
7130377535955
7617238561756
7649112078216
8623716272924
8720357267109
7957824855369
8400139655592
8672211803031
9400253140431
9832270119520
9940974884566
9492304708542
10116353488411
10368699456353
9314432217519
10152013937700
5203352536598
6245782257475
7573010964310
6206442285447
5681085794796
6643173671366
7984542408483
8316809127443
8500818571120
9384161986296
9549422267474
10427040970750
10355927329770
9234414823160
7119845404338
7364647598096
7645387913723
8235680394134
8859052601076
9540159740143
7849565851765
8723476202072
6275720516700
6585137283016
7669512771264
6612297790970
7486983813109
8303158036291
8267003867435
8798334107396
8683125217023
7724641461215
8001299564446
7976201231458
8828003117803
6929522183259
7189590922264
8147653359233
7792576417504
8073667600429
7789018757580
9434539392723
9274110707362
9383092359831
8903620593765
9077506639231
8654130936645
9295366199030
9722775913773
10331175407252
10845767237971
10872174698848
10832760804547
10955112919897
10592892568620
10678147063975
8795708735922
8919630104436
9761272644394
10579999659779
9899901210763
10401628999436
10178008108282
9956214869037
10718548927769
9432682207139
10156025400804
9230098374033
9449512399865
10729720834765
9935609805308
11370292761058
10860604671790
10786329635077
11729857376409
11925424183656
13215291346874
10334308089759
11327409828621
8567791958125
9351679261250
10184489779051
9276337101227
10232251776457
10682526331730
10428846870320
10553077389937
6587450144326
6898599186400
7709908417316
7969917837012
6833576603964
7087224604994
7867387079527
7989325635719
8106780539003
8222076033307
6890668916428
6082158465866
7424819868589
6716623256064
8098998609524
7890316298588
8221111128410
8580890138659
8936793430609
7219387935757
8534555859520
8356719482288
7971319750858
7985718846250
2789904214025
4088705175783
3190019415489
4489554178640
4102148680302
5453805970012
4281207464935
5133233193104
5312505754299
6417256290389
6538170359929
6000210539299
5719962453942
6465753283483
6929752848788
7915081770205
5014393463073
5607567393076
5886217131709
6095231216611
7034131722139
6472762674900
7695258526935
7731543210010
5959044352133
7305434726574
7414745523982
7751345560200
8598689485716
9154812578777
10740180218693
10542257854023
4881720582594
6134618706449
6232114687141
5923100535960
6643305869383
6949768096633
6734732968475
6342461743047
6368643037723
6821828140596
6223669212613
4022050398893
4856120523289
4473565729934
5442990294792
5109554746817
